2024-07-16 18:11:38,888 - DEBUG - LoginWindow initialized
2024-07-16 18:11:48,752 - DEBUG - Attempting to get CSRF token...
2024-07-16 18:11:48,803 - DEBUG - Starting new HTTP connection (1): localhost:8003
2024-07-16 18:11:51,070 - DEBUG - http://localhost:8003 "GET //authentication/get-csrf-token/ HTTP/1.1" 200 49
2024-07-16 18:11:51,073 - DEBUG - CSRF token received: UMsKAHB4YFGa6EehSBBAUTq4WEmpgfNl
2024-07-16 18:11:51,073 - DEBUG - Attempting to login with username: theo
2024-07-16 18:11:51,636 - DEBUG - http://localhost:8003 "POST //authentication/login/ HTTP/1.1" 200 123
2024-07-16 18:11:51,637 - DEBUG - Login request sent, awaiting response...
2024-07-16 18:11:51,637 - DEBUG - Login successful
2024-07-16 18:11:52,347 - DEBUG - Checking z_process status
2024-07-16 18:11:52,348 - INFO - z.py is still running
2024-07-16 18:11:52,855 - DEBUG - Checking z_process status
2024-07-16 18:11:52,855 - INFO - z.py is still running
2024-07-16 18:11:53,358 - DEBUG - Checking z_process status
2024-07-16 18:11:53,360 - INFO - z.py is still running
2024-07-16 18:11:53,864 - DEBUG - Checking z_process status
2024-07-16 18:11:53,865 - INFO - z.py is still running
2024-07-16 18:11:54,380 - DEBUG - Checking z_process status
2024-07-16 18:11:54,380 - INFO - z.py is still running
2024-07-16 18:11:54,890 - DEBUG - Checking z_process status
2024-07-16 18:11:54,895 - INFO - z.py is still running
2024-07-16 18:11:55,403 - DEBUG - Checking z_process status
2024-07-16 18:11:55,404 - INFO - z.py is still running
2024-07-16 18:11:55,908 - DEBUG - Checking z_process status
2024-07-16 18:11:55,909 - INFO - z.py is still running
2024-07-16 18:11:56,438 - DEBUG - Checking z_process status
2024-07-16 18:11:56,438 - INFO - z.py is still running
2024-07-16 18:11:56,939 - DEBUG - Checking z_process status
2024-07-16 18:11:56,939 - INFO - z.py is still running
2024-07-17 09:58:27,060 - DEBUG - LoginWindow initialized
2024-07-17 09:58:45,682 - DEBUG - LoginWindow initialized
2024-07-17 09:58:58,017 - DEBUG - Attempting to get CSRF token...
2024-07-17 09:58:58,017 - DEBUG - Starting new HTTP connection (1): localhost:8003
2024-07-17 09:59:02,116 - ERROR - Failed to get CSRF token: HTTPConnectionPool(host='localhost', port=8003): Max retries exceeded with url: //authentication/get-csrf-token/ (Caused by NewConnectionError('<urllib3.connection.HTTPConnection object at 0x000002886D179450>: Failed to establish a new connection: [WinError 10061] Δεν ήταν δυνατή η δημιουργία σύνδεσης, επειδή ο υπολογιστής προορισμού την απέρριψε ενεργά'))
2024-07-17 10:00:42,528 - DEBUG - Attempting to get CSRF token...
2024-07-17 10:00:42,543 - DEBUG - Starting new HTTP connection (2): localhost:8003
2024-07-17 10:00:44,861 - DEBUG - http://localhost:8003 "GET //authentication/get-csrf-token/ HTTP/1.1" 404 9988
2024-07-17 10:00:44,861 - ERROR - Failed to get CSRF token, status code: 404
2024-07-17 10:07:46,420 - DEBUG - LoginWindow initialized
2024-07-17 10:07:55,320 - DEBUG - Attempting to get CSRF token...
2024-07-17 10:07:55,331 - DEBUG - Starting new HTTP connection (1): localhost:8003
2024-07-17 10:07:57,611 - DEBUG - http://localhost:8003 "GET /authentication/get-csrf-token/ HTTP/1.1" 404 9988
2024-07-17 10:07:57,691 - ERROR - Failed to get CSRF token, status code: 404
2024-07-17 10:09:02,508 - DEBUG - LoginWindow initialized
2024-07-17 10:09:12,233 - DEBUG - Attempting to get CSRF token...
2024-07-17 10:09:12,251 - DEBUG - Starting new HTTP connection (1): localhost:8003
2024-07-17 10:09:14,584 - DEBUG - http://localhost:8003 "GET /authentication/get-csrf-token/ HTTP/1.1" 404 9988
2024-07-17 10:09:14,677 - ERROR - Failed to get CSRF token, status code: 404
2024-07-17 10:12:23,838 - DEBUG - LoginWindow initialized
2024-07-17 10:12:32,837 - DEBUG - Attempting to get CSRF token...
2024-07-17 10:12:32,853 - DEBUG - Starting new HTTP connection (1): localhost:8003
2024-07-17 10:12:35,142 - DEBUG - http://localhost:8003 "GET /authentication/get-csrf-token/ HTTP/1.1" 404 9988
2024-07-17 10:12:35,248 - DEBUG - CSRF token request response: 404
2024-07-17 10:12:35,248 - ERROR - Failed to get CSRF token, status code: 404, response content: b'<!DOCTYPE html>\n<html lang="en">\n<head>\n  <meta http-equiv="content-type" content="text/html; charset=utf-8">\n  <title>Page not found at /authentication/get-csrf-token/</title>\n  <meta name="robots" content="NONE,NOARCHIVE">\n  <style type="text/css">\n    html * { padding:0; margin:0; }\n    body * { padding:10px 20px; }\n    body * * { padding:0; }\n    body { font:small sans-serif; background:#eee; color:#000; }\n    body>div { border-bottom:1px solid #ddd; }\n    h1 { font-weight:normal; margin-bottom:.4em; }\n    h1 span { font-size:60%; color:#666; font-weight:normal; }\n    table { border:none; border-collapse: collapse; width:100%; }\n    td, th { vertical-align:top; padding:2px 3px; }\n    th { width:12em; text-align:right; color:#666; padding-right:.5em; }\n    #info { background:#f6f6f6; }\n    #info ol { margin: 0.5em 4em; }\n    #info ol li { font-family: monospace; }\n    #summary { background: #ffc; }\n    #explanation { background:#eee; border-bottom: 0px none; }\n    pre.exception_value { font-family: sans-serif; color: #575757; font-size: 1.5em; margin: 10px 0 10px 0; }\n  </style>\n</head>\n<body>\n  <div id="summary">\n    <h1>Page not found <span>(404)</span></h1>\n    \n    <table class="meta">\n      <tr>\n        <th>Request Method:</th>\n        <td>GET</td>\n      </tr>\n      <tr>\n        <th>Request URL:</th>\n        <td>http://localhost:8003/authentication/get-csrf-token/</td>\n      </tr>\n      \n    </table>\n  </div>\n  <div id="info">\n    \n      <p>\n      Using the URLconf defined in <code>azureproject.urls</code>,\n      Django tried these URL patterns, in this order:\n      </p>\n      <ol>\n        \n          <li>\n            \n                tables/\n                \n            \n          </li>\n        \n          <li>\n            \n                \n                \n            \n                upload_json/&lt;str:tenant&gt;/\n                [name=\'upload_json\']\n            \n          </li>\n        \n          <li>\n            \n                \n                \n            \n                upload_json/products.json\n                [name=\'products_json\']\n            \n          </li>\n        \n          <li>\n            \n                \n                \n            \n                list_order_files/&lt;str:tenant&gt;/\n                [name=\'list_order_files\']\n            \n          </li>\n        \n          <li>\n            \n                \n                \n            \n                get_order/&lt;str:tenant&gt;/&lt;str:filename&gt;/\n                [name=\'get_order_tenant\']\n            \n          </li>\n        \n          <li>\n            \n                \n                \n            \n                table_selection/\n                [name=\'table_selection\']\n            \n          </li>\n        \n          <li>\n            \n                \n                \n            \n                tables/table_selection/\n                [name=\'table_selection\']\n            \n          </li>\n        \n          <li>\n            \n                \n                \n            \n                order_for_table/&lt;int:table_number&gt;/\n                [name=\'order_for_table\']\n            \n          </li>\n        \n          <li>\n            \n                \n                \n            \n                submit_order/\n                [name=\'submit_order\']\n            \n          </li>\n        \n          <li>\n            \n                \n                \n            \n                order_for_table/&lt;int:table_number&gt;/submit_order/\n                [name=\'submit_order_specific\']\n            \n          </li>\n        \n          <li>\n            \n                \n                \n            \n                success/\n                [name=\'success\']\n            \n          </li>\n        \n          <li>\n            \n                \n                \n            \n                orders_json/\n                [name=\'get_orders_json\']\n            \n          </li>\n        \n          <li>\n            \n                \n                \n            \n                get_json/\n                [name=\'get_json\']\n            \n          </li>\n        \n          <li>\n            \n                \n                \n            \n                order_summary/\n                [name=\'order_summary\']\n            \n          </li>\n        \n          <li>\n            \n                \n                \n            \n                update_order/\n                [name=\'update_order\']\n            \n          </li>\n        \n          <li>\n            \n                \n                \n            \n                order-summary/\n                [name=\'order_summary\']\n            \n          </li>\n        \n          <li>\n            \n                \n                \n            \n                process-orders/\n                [name=\'process_orders\']\n            \n          </li>\n        \n          <li>\n            \n                \n                \n            \n                delete_order_file/&lt;str:filename&gt;/\n                [name=\'delete_order_file\']\n            \n          </li>\n        \n          <li>\n            \n                \n                \n            \n                cancel_order/\n                [name=\'cancel_order\']\n            \n          </li>\n        \n          <li>\n            \n                \n                \n            \n                get-orders/\n                [name=\'get_orders\']\n            \n          </li>\n        \n          <li>\n            \n                \n                \n            \n                delete_received_orders/&lt;str:tenant&gt;/\n                [name=\'delete_received_orders\']\n            \n          </li>\n        \n          <li>\n            \n                \n                \n            \n                signal_refresh_order_summary/\n                [name=\'signal_refresh_order_summary\']\n            \n          </li>\n        \n          <li>\n            \n                \n                \n            \n                check_for_refresh/\n                [name=\'check_for_refresh\']\n            \n          </li>\n        \n          <li>\n            \n                \n                \n            \n                \n                [name=\'index\']\n            \n          </li>\n        \n          <li>\n            \n                \n                \n            \n                table_selection_with_time_diff/\n                [name=\'table_selection_with_time_diff\']\n            \n          </li>\n        \n          <li>\n            \n                \n                \n            \n                tenants_folders/&lt;str:tenant&gt;_upload_json/occupied_tables.json\n                [name=\'get_occupied_tables\']\n            \n          </li>\n        \n          <li>\n            \n                \n                \n            \n                tenants_folders/&lt;str:tenant&gt;_received_orders/&lt;str:filename&gt;/\n                [name=\'serve_order_file\']\n            \n          </li>\n        \n          <li>\n            \n                \n                \n            \n                save_positions/\n                [name=\'save_positions\']\n            \n          </li>\n        \n          <li>\n            \n                \n                \n            \n                load_positions/\n                [name=\'load_positions\']\n            \n          </li>\n        \n          <li>\n            \n                \n                \n            \n                update_time_diff/&lt;str:tenant&gt;/&lt;str:filename&gt;/\n                [name=\'update_time_diff\']\n            \n          </li>\n        \n          <li>\n            \n                \n                \n            \n                order_details/\n                [name=\'order_details\']\n            \n          </li>\n        \n          <li>\n            \n                \n                \n            \n                test_read_file/\n                [name=\'test_read_file\']\n            \n          </li>\n        \n          <li>\n            \n                \n                \n            \n                list_received_orders/&lt;str:tenant&gt;/\n                [name=\'list_received_orders\']\n            \n          </li>\n        \n          <li>\n            \n                \n                \n            \n                tenants_folders/&lt;str:tenant&gt;_received_orders/&lt;str:filename&gt;/\n                [name=\'serve_order_file\']\n            \n          </li>\n        \n          <li>\n            \n                \n                \n            \n                tenants_folders/&lt;str:tenant&gt;_upload_json/occupied_tables.json\n                [name=\'get_occupied_tables\']\n            \n          </li>\n        \n          <li>\n            \n                \n                \n            \n                tenants_folders/&lt;str:tenant&gt;_upload_json/reservations.json\n                [name=\'get_reservations\']\n            \n          </li>\n        \n          <li>\n            \n                \n                \n            \n                table_orders/&lt;str:tenant&gt;/&lt;int:table_number&gt;/\n                [name=\'table_orders\']\n            \n          </li>\n        \n          <li>\n            \n                \n                \n            \n                check_permissions/\n                [name=\'check_permissions\']\n            \n          </li>\n        \n          <li>\n            \n                admin/\n                \n            \n          </li>\n        \n          <li>\n            \n                auth/\n                \n            \n          </li>\n        \n          <li>\n            \n                get-csrf-token/\n                [name=\'get_csrf_token\']\n            \n          </li>\n        \n      </ol>\n      <p>\n        \n          The current path, <code>authentication/get-csrf-token/</code>,\n        \n        didn\xe2\x80\x99t match any of these.\n      </p>\n    \n  </div>\n\n  <div id="explanation">\n    <p>\n      You\xe2\x80\x99re seeing this error because you have <code>DEBUG = True</code> in\n      your Django settings file. Change that to <code>False</code>, and Django\n      will display a standard 404 page.\n    </p>\n  </div>\n</body>\n</html>\n'
2024-07-17 10:13:56,393 - DEBUG - LoginWindow initialized
2024-07-17 10:14:05,051 - DEBUG - Attempting to get CSRF token...
2024-07-17 10:14:05,066 - DEBUG - Starting new HTTP connection (1): localhost:8003
2024-07-17 10:14:07,353 - DEBUG - http://localhost:8003 "GET /authentication/get-csrf-token/ HTTP/1.1" 200 49
2024-07-17 10:14:07,353 - DEBUG - CSRF token request response: 200
2024-07-17 10:14:07,353 - DEBUG - CSRF token received: TC42Q6gmIKdnmFFeqFzMCWnEXspmYatg
2024-07-17 10:14:07,353 - DEBUG - Attempting to login with username: theo
2024-07-17 10:14:07,995 - DEBUG - http://localhost:8003 "POST /authentication/login/ HTTP/1.1" 200 182
2024-07-17 10:14:07,995 - DEBUG - Login request sent, awaiting response...
2024-07-17 10:14:07,995 - DEBUG - Login successful
2024-07-17 10:14:08,632 - DEBUG - Checking z_process status
2024-07-17 10:14:08,632 - INFO - z.py is still running
2024-07-17 10:14:09,130 - DEBUG - Checking z_process status
2024-07-17 10:14:09,130 - INFO - z.py is still running
2024-07-17 10:14:09,643 - DEBUG - Checking z_process status
2024-07-17 10:14:09,643 - INFO - z.py is still running
2024-07-17 10:14:10,149 - DEBUG - Checking z_process status
2024-07-17 10:14:10,151 - INFO - z.py is still running
2024-07-17 10:14:10,649 - DEBUG - Checking z_process status
2024-07-17 10:14:10,649 - INFO - z.py is still running
2024-07-17 10:14:11,148 - DEBUG - Checking z_process status
2024-07-17 10:14:11,149 - INFO - z.py is still running
2024-07-17 10:14:11,647 - DEBUG - Checking z_process status
2024-07-17 10:14:11,648 - INFO - z.py is still running
2024-07-17 10:14:12,147 - DEBUG - Checking z_process status
2024-07-17 10:14:12,147 - INFO - z.py is still running
2024-07-17 10:14:12,641 - DEBUG - Checking z_process status
2024-07-17 10:14:12,641 - INFO - z.py is still running
2024-07-17 10:14:13,141 - DEBUG - Checking z_process status
2024-07-17 10:14:13,141 - INFO - z.py is still running
2024-07-17 11:20:22,124 - DEBUG - LoginWindow initialized
2024-07-17 11:24:13,709 - DEBUG - Attempting to get CSRF token...
2024-07-17 11:24:13,724 - DEBUG - Starting new HTTP connection (1): localhost:8003
2024-07-17 11:24:16,015 - DEBUG - http://localhost:8003 "GET /authentication/get-csrf-token/ HTTP/1.1" 200 49
2024-07-17 11:24:16,015 - DEBUG - CSRF token request response: 200
2024-07-17 11:24:16,015 - DEBUG - CSRF token received: JL84YYHVs6tZk9ZyeDV1fOFl9DiBP5JM
2024-07-17 11:24:16,015 - DEBUG - Attempting to login with username: theo
2024-07-17 11:24:16,615 - DEBUG - http://localhost:8003 "POST /authentication/login/ HTTP/1.1" 200 182
2024-07-17 11:24:16,615 - DEBUG - Login request sent, awaiting response...
2024-07-17 11:24:16,615 - DEBUG - Login successful
2024-07-17 11:24:17,264 - DEBUG - Checking z_process status
2024-07-17 11:24:17,264 - INFO - z.py is still running
2024-07-17 11:24:17,776 - DEBUG - Checking z_process status
2024-07-17 11:24:17,776 - INFO - z.py is still running
2024-07-17 11:24:18,266 - DEBUG - Checking z_process status
2024-07-17 11:24:18,268 - INFO - z.py is still running
2024-07-17 11:24:18,765 - DEBUG - Checking z_process status
2024-07-17 11:24:18,766 - INFO - z.py is still running
2024-07-17 11:24:19,268 - DEBUG - Checking z_process status
2024-07-17 11:24:19,269 - INFO - z.py is still running
2024-07-17 11:24:19,765 - DEBUG - Checking z_process status
2024-07-17 11:24:19,766 - INFO - z.py is still running
2024-07-17 11:24:20,264 - DEBUG - Checking z_process status
2024-07-17 11:24:20,264 - INFO - z.py is still running
2024-07-17 11:24:20,777 - DEBUG - Checking z_process status
2024-07-17 11:24:20,777 - INFO - z.py is still running
2024-07-17 11:24:21,274 - DEBUG - Checking z_process status
2024-07-17 11:24:21,274 - INFO - z.py is still running
2024-07-17 11:24:21,774 - DEBUG - Checking z_process status
2024-07-17 11:24:21,774 - INFO - z.py is still running
